2019-11-16 19:24:31.133  INFO 6880 --- [main] c.c.a.ApiplatformApplication             : Starting ApiplatformApplication on KF0005 with PID 6880 (D:\JavaProject\apiplatform\target\classes started by Administrator in D:\JavaProject\apiplatform)
2019-11-16 19:24:31.151  INFO 6880 --- [main] c.c.a.ApiplatformApplication             : No active profile set, falling back to default profiles: default
2019-11-16 19:24:31.218  INFO 6880 --- [main] ConfigServletWebServerApplicationContext : Refreshing org.springframework.boot.web.servlet.context.AnnotationConfigServletWebServerApplicationContext@5f2f577: startup date [Sat Nov 16 19:24:31 CST 2019]; root of context hierarchy
2019-11-16 19:24:33.007  INFO 6880 --- [main] o.s.b.w.e.t.TomcatWebServer              : Tomcat initialized with port(s): 6085 (http)
2019-11-16 19:24:33.041  INFO 6880 --- [main] o.a.c.c.StandardService                  : Starting service [Tomcat]
2019-11-16 19:24:33.041  INFO 6880 --- [main] o.a.c.c.StandardEngine                   : Starting Servlet Engine: Apache Tomcat/8.5.39
2019-11-16 19:24:33.049  INFO 6880 --- [localhost-startStop-1] o.a.c.c.AprLifecycleListener             : The APR based Apache Tomcat Native library which allows optimal performance in production environments was not found on the java.library.path: [D:\Program Files (x86)\Java\jdk1.8.0_201\bin;C:\Windows\Sun\Java\bin;C:\Windows\system32;C:\Windows;C:\Program Files (x86)\Common Files\Oracle\Java\javapath;C:\oracleclient2;C:\oracleclient;C:\Windows\system32;C:\Windows;C:\Windows\System32\Wbem;C:\Windows\System32\WindowsPowerShell\v1.0\;C:\Program Files\PLSQL Developer\instantclient_11_2;C:\Program Files\Microsoft SQL Server\130\Tools\Binn\;;\bin;C:\Program Files\TortoiseSVN\bin;D:\nodejs\;C:\Program Files\dotnet\;C:\Users\Administrator\AppData\Roaming\npm;D:\Programs\Microsoft VS Code\bin;.]
2019-11-16 19:24:33.173  INFO 6880 --- [localhost-startStop-1] o.a.c.c.C.[.[.[/]                        : Initializing Spring embedded WebApplicationContext
2019-11-16 19:24:33.174  INFO 6880 --- [localhost-startStop-1] o.s.w.c.ContextLoader                    : Root WebApplicationContext: initialization completed in 1956 ms
2019-11-16 19:24:33.338  INFO 6880 --- [localhost-startStop-1] o.s.b.w.s.FilterRegistrationBean         : Mapping filter: 'characterEncodingFilter' to: [/*]
2019-11-16 19:24:33.339  INFO 6880 --- [localhost-startStop-1] o.s.b.w.s.FilterRegistrationBean         : Mapping filter: 'hiddenHttpMethodFilter' to: [/*]
2019-11-16 19:24:33.339  INFO 6880 --- [localhost-startStop-1] o.s.b.w.s.FilterRegistrationBean         : Mapping filter: 'httpPutFormContentFilter' to: [/*]
2019-11-16 19:24:33.340  INFO 6880 --- [localhost-startStop-1] o.s.b.w.s.FilterRegistrationBean         : Mapping filter: 'requestContextFilter' to: [/*]
2019-11-16 19:24:33.341  INFO 6880 --- [localhost-startStop-1] .s.DelegatingFilterProxyRegistrationBean : Mapping filter: 'springSecurityFilterChain' to: [/*]
2019-11-16 19:24:33.342  INFO 6880 --- [localhost-startStop-1] o.s.b.w.s.ServletRegistrationBean        : Servlet dispatcherServlet mapped to [/]
2019-11-16 19:24:34.078  INFO 6880 --- [main] s.w.s.m.m.a.RequestMappingHandlerMapping : Mapped "{[/customJco/executeJcoFunction],methods=[POST]}" onto public com.chant.apiplatform.util.R com.chant.apiplatform.controller.CustomJcoController.executeJcoFunction(java.util.Map<java.lang.String, java.lang.Object>)
2019-11-16 19:24:34.080  INFO 6880 --- [main] s.w.s.m.m.a.RequestMappingHandlerMapping : Mapped "{[/customJco/pingJco],methods=[GET]}" onto public com.chant.apiplatform.util.R com.chant.apiplatform.controller.CustomJcoController.pingCalls()
2019-11-16 19:24:34.081  INFO 6880 --- [main] s.w.s.m.m.a.RequestMappingHandlerMapping : Mapped "{[/backend/user/get],methods=[GET]}" onto public java.lang.String com.chant.apiplatform.controller.UserBackendController.getUse2r(long)
2019-11-16 19:24:34.082  INFO 6880 --- [main] s.w.s.m.m.a.RequestMappingHandlerMapping : Mapped "{[/backend/user/{id}],methods=[GET]}" onto public java.lang.String com.chant.apiplatform.controller.UserBackendController.getUser(long)
2019-11-16 19:24:34.089  INFO 6880 --- [main] s.w.s.m.m.a.RequestMappingHandlerMapping : Mapped "{[/swagger-resources]}" onto public org.springframework.http.ResponseEntity<java.util.List<springfox.documentation.swagger.web.SwaggerResource>> springfox.documentation.swagger.web.ApiResourceController.swaggerResources()
2019-11-16 19:24:34.090  INFO 6880 --- [main] s.w.s.m.m.a.RequestMappingHandlerMapping : Mapped "{[/swagger-resources/configuration/ui]}" onto public org.springframework.http.ResponseEntity<springfox.documentation.swagger.web.UiConfiguration> springfox.documentation.swagger.web.ApiResourceController.uiConfiguration()
2019-11-16 19:24:34.092  INFO 6880 --- [main] s.w.s.m.m.a.RequestMappingHandlerMapping : Mapped "{[/swagger-resources/configuration/security]}" onto public org.springframework.http.ResponseEntity<springfox.documentation.swagger.web.SecurityConfiguration> springfox.documentation.swagger.web.ApiResourceController.securityConfiguration()
2019-11-16 19:24:34.095  INFO 6880 --- [main] s.w.s.m.m.a.RequestMappingHandlerMapping : Mapped "{[/error]}" onto public org.springframework.http.ResponseEntity<java.util.Map<java.lang.String, java.lang.Object>> org.springframework.boot.autoconfigure.web.servlet.error.BasicErrorController.error(javax.servlet.http.HttpServletRequest)
2019-11-16 19:24:34.096  INFO 6880 --- [main] s.w.s.m.m.a.RequestMappingHandlerMapping : Mapped "{[/error],produces=[text/html]}" onto public org.springframework.web.servlet.ModelAndView org.springframework.boot.autoconfigure.web.servlet.error.BasicErrorController.errorHtml(javax.servlet.http.HttpServletRequest,javax.servlet.http.HttpServletResponse)
2019-11-16 19:24:34.283  INFO 6880 --- [main] pertySourcedRequestMappingHandlerMapping : Mapped URL path [/v2/api-docs] onto method [public org.springframework.http.ResponseEntity<springfox.documentation.spring.web.json.Json> springfox.documentation.swagger2.web.Swagger2Controller.getDocumentation(java.lang.String,javax.servlet.http.HttpServletRequest)]
2019-11-16 19:24:34.411  INFO 6880 --- [main] o.s.w.s.h.SimpleUrlHandlerMapping        : Mapped URL path [/**/favicon.ico] onto handler of type [class org.springframework.web.servlet.resource.ResourceHttpRequestHandler]
2019-11-16 19:24:34.618  INFO 6880 --- [main] s.w.s.m.m.a.RequestMappingHandlerAdapter : Looking for @ControllerAdvice: org.springframework.boot.web.servlet.context.AnnotationConfigServletWebServerApplicationContext@5f2f577: startup date [Sat Nov 16 19:24:31 CST 2019]; root of context hierarchy
2019-11-16 19:24:34.684  INFO 6880 --- [main] o.s.w.s.h.SimpleUrlHandlerMapping        : Mapped URL path [/webjars/**] onto handler of type [class org.springframework.web.servlet.resource.ResourceHttpRequestHandler]
2019-11-16 19:24:34.684  INFO 6880 --- [main] o.s.w.s.h.SimpleUrlHandlerMapping        : Mapped URL path [/**] onto handler of type [class org.springframework.web.servlet.resource.ResourceHttpRequestHandler]
2019-11-16 19:24:35.021  INFO 6880 --- [main] .s.s.UserDetailsServiceAutoConfiguration : 

Using generated security password: a6856e58-6cbb-462d-a906-ca0c75b31f2f

2019-11-16 19:24:35.339  INFO 6880 --- [main] o.s.s.w.DefaultSecurityFilterChain       : Creating filter chain: org.springframework.security.web.util.matcher.AnyRequestMatcher@1, [org.springframework.security.web.context.request.async.WebAsyncManagerIntegrationFilter@3719360c, org.springframework.security.web.context.SecurityContextPersistenceFilter@54326e9, org.springframework.security.web.header.HeaderWriterFilter@45e140ae, org.springframework.security.web.csrf.CsrfFilter@48567727, org.springframework.security.web.authentication.logout.LogoutFilter@799f354a, org.springframework.security.web.authentication.UsernamePasswordAuthenticationFilter@2ad7bd26, org.springframework.security.web.authentication.ui.DefaultLoginPageGeneratingFilter@28daf506, org.springframework.security.web.authentication.www.BasicAuthenticationFilter@44faa4f2, org.springframework.security.web.savedrequest.RequestCacheAwareFilter@2b441e56, org.springframework.security.web.servletapi.SecurityContextHolderAwareRequestFilter@9263c54, org.springframework.security.web.authentication.AnonymousAuthenticationFilter@3afca2c, org.springframework.security.web.session.SessionManagementFilter@4b4814d0, org.springframework.security.web.access.ExceptionTranslationFilter@3b170235, org.springframework.security.web.access.intercept.FilterSecurityInterceptor@274fdea6]
2019-11-16 19:24:35.466  INFO 6880 --- [main] o.s.j.e.a.AnnotationMBeanExporter        : Registering beans for JMX exposure on startup
2019-11-16 19:24:35.478  INFO 6880 --- [main] o.s.c.s.DefaultLifecycleProcessor        : Starting beans in phase 2147483647
2019-11-16 19:24:35.479  INFO 6880 --- [main] d.s.w.p.DocumentationPluginsBootstrapper : Context refreshed
2019-11-16 19:24:35.504  INFO 6880 --- [main] d.s.w.p.DocumentationPluginsBootstrapper : Found 1 custom documentation plugin(s)
2019-11-16 19:24:35.548  INFO 6880 --- [main] s.d.s.w.s.ApiListingReferenceScanner     : Scanning for api listing references
2019-11-16 19:24:35.629  INFO 6880 --- [main] o.s.b.w.e.t.TomcatWebServer              : Tomcat started on port(s): 6085 (http) with context path ''
2019-11-16 19:24:35.635  INFO 6880 --- [main] c.c.a.ApiplatformApplication             : Started ApiplatformApplication in 5.525 seconds (JVM running for 7.226)
2019-11-16 19:24:43.657  INFO 6880 --- [http-nio-6085-exec-1] o.a.c.c.C.[.[.[/]                        : Initializing Spring FrameworkServlet 'dispatcherServlet'
2019-11-16 19:24:43.658  INFO 6880 --- [http-nio-6085-exec-1] o.s.w.s.DispatcherServlet                : FrameworkServlet 'dispatcherServlet': initialization started
2019-11-16 19:24:43.681  INFO 6880 --- [http-nio-6085-exec-1] o.s.w.s.DispatcherServlet                : FrameworkServlet 'dispatcherServlet': initialization completed in 23 ms
2019-11-16 19:31:07.114  INFO 6364 --- [main] c.c.a.ApiplatformApplication             : Starting ApiplatformApplication on KF0005 with PID 6364 (D:\JavaProject\apiplatform\target\classes started by Administrator in D:\JavaProject\apiplatform)
2019-11-16 19:31:07.122  INFO 6364 --- [main] c.c.a.ApiplatformApplication             : No active profile set, falling back to default profiles: default
2019-11-16 19:31:07.176  INFO 6364 --- [main] ConfigServletWebServerApplicationContext : Refreshing org.springframework.boot.web.servlet.context.AnnotationConfigServletWebServerApplicationContext@165b8a71: startup date [Sat Nov 16 19:31:07 CST 2019]; root of context hierarchy
2019-11-16 19:31:08.924  INFO 6364 --- [main] o.s.b.w.e.t.TomcatWebServer              : Tomcat initialized with port(s): 6085 (http)
2019-11-16 19:31:08.959  INFO 6364 --- [main] o.a.c.c.StandardService                  : Starting service [Tomcat]
2019-11-16 19:31:08.960  INFO 6364 --- [main] o.a.c.c.StandardEngine                   : Starting Servlet Engine: Apache Tomcat/8.5.39
2019-11-16 19:31:08.968  INFO 6364 --- [localhost-startStop-1] o.a.c.c.AprLifecycleListener             : The APR based Apache Tomcat Native library which allows optimal performance in production environments was not found on the java.library.path: [D:\Program Files (x86)\Java\jdk1.8.0_201\bin;C:\Windows\Sun\Java\bin;C:\Windows\system32;C:\Windows;C:\Program Files (x86)\Common Files\Oracle\Java\javapath;C:\oracleclient2;C:\oracleclient;C:\Windows\system32;C:\Windows;C:\Windows\System32\Wbem;C:\Windows\System32\WindowsPowerShell\v1.0\;C:\Program Files\PLSQL Developer\instantclient_11_2;C:\Program Files\Microsoft SQL Server\130\Tools\Binn\;;\bin;C:\Program Files\TortoiseSVN\bin;D:\nodejs\;C:\Program Files\dotnet\;C:\Users\Administrator\AppData\Roaming\npm;D:\Programs\Microsoft VS Code\bin;.]
2019-11-16 19:31:09.083  INFO 6364 --- [localhost-startStop-1] o.a.c.c.C.[.[.[/]                        : Initializing Spring embedded WebApplicationContext
2019-11-16 19:31:09.084  INFO 6364 --- [localhost-startStop-1] o.s.w.c.ContextLoader                    : Root WebApplicationContext: initialization completed in 1908 ms
2019-11-16 19:31:09.197  INFO 6364 --- [localhost-startStop-1] o.s.b.w.s.FilterRegistrationBean         : Mapping filter: 'characterEncodingFilter' to: [/*]
2019-11-16 19:31:09.198  INFO 6364 --- [localhost-startStop-1] o.s.b.w.s.FilterRegistrationBean         : Mapping filter: 'hiddenHttpMethodFilter' to: [/*]
2019-11-16 19:31:09.198  INFO 6364 --- [localhost-startStop-1] o.s.b.w.s.FilterRegistrationBean         : Mapping filter: 'httpPutFormContentFilter' to: [/*]
2019-11-16 19:31:09.198  INFO 6364 --- [localhost-startStop-1] o.s.b.w.s.FilterRegistrationBean         : Mapping filter: 'requestContextFilter' to: [/*]
2019-11-16 19:31:09.200  INFO 6364 --- [localhost-startStop-1] .s.DelegatingFilterProxyRegistrationBean : Mapping filter: 'springSecurityFilterChain' to: [/*]
2019-11-16 19:31:09.202  INFO 6364 --- [localhost-startStop-1] o.s.b.w.s.ServletRegistrationBean        : Servlet dispatcherServlet mapped to [/]
2019-11-16 19:31:09.951  INFO 6364 --- [main] s.w.s.m.m.a.RequestMappingHandlerMapping : Mapped "{[/customJco/pingJco],methods=[GET]}" onto public com.chant.apiplatform.util.R com.chant.apiplatform.controller.CustomJcoController.pingCalls()
2019-11-16 19:31:09.955  INFO 6364 --- [main] s.w.s.m.m.a.RequestMappingHandlerMapping : Mapped "{[/customJco/executeJcoFunction],methods=[POST]}" onto public com.chant.apiplatform.util.R com.chant.apiplatform.controller.CustomJcoController.executeJcoFunction(java.util.Map<java.lang.String, java.lang.Object>)
2019-11-16 19:31:09.956  INFO 6364 --- [main] s.w.s.m.m.a.RequestMappingHandlerMapping : Mapped "{[/backend/user/get],methods=[GET]}" onto public java.lang.String com.chant.apiplatform.controller.UserBackendController.getUse2r(long)
2019-11-16 19:31:09.957  INFO 6364 --- [main] s.w.s.m.m.a.RequestMappingHandlerMapping : Mapped "{[/backend/user/{id}],methods=[GET]}" onto public java.lang.String com.chant.apiplatform.controller.UserBackendController.getUser(long)
2019-11-16 19:31:09.962  INFO 6364 --- [main] s.w.s.m.m.a.RequestMappingHandlerMapping : Mapped "{[/swagger-resources]}" onto public org.springframework.http.ResponseEntity<java.util.List<springfox.documentation.swagger.web.SwaggerResource>> springfox.documentation.swagger.web.ApiResourceController.swaggerResources()
2019-11-16 19:31:09.963  INFO 6364 --- [main] s.w.s.m.m.a.RequestMappingHandlerMapping : Mapped "{[/swagger-resources/configuration/ui]}" onto public org.springframework.http.ResponseEntity<springfox.documentation.swagger.web.UiConfiguration> springfox.documentation.swagger.web.ApiResourceController.uiConfiguration()
2019-11-16 19:31:09.964  INFO 6364 --- [main] s.w.s.m.m.a.RequestMappingHandlerMapping : Mapped "{[/swagger-resources/configuration/security]}" onto public org.springframework.http.ResponseEntity<springfox.documentation.swagger.web.SecurityConfiguration> springfox.documentation.swagger.web.ApiResourceController.securityConfiguration()
2019-11-16 19:31:09.968  INFO 6364 --- [main] s.w.s.m.m.a.RequestMappingHandlerMapping : Mapped "{[/error]}" onto public org.springframework.http.ResponseEntity<java.util.Map<java.lang.String, java.lang.Object>> org.springframework.boot.autoconfigure.web.servlet.error.BasicErrorController.error(javax.servlet.http.HttpServletRequest)
2019-11-16 19:31:09.969  INFO 6364 --- [main] s.w.s.m.m.a.RequestMappingHandlerMapping : Mapped "{[/error],produces=[text/html]}" onto public org.springframework.web.servlet.ModelAndView org.springframework.boot.autoconfigure.web.servlet.error.BasicErrorController.errorHtml(javax.servlet.http.HttpServletRequest,javax.servlet.http.HttpServletResponse)
2019-11-16 19:31:10.157  INFO 6364 --- [main] pertySourcedRequestMappingHandlerMapping : Mapped URL path [/v2/api-docs] onto method [public org.springframework.http.ResponseEntity<springfox.documentation.spring.web.json.Json> springfox.documentation.swagger2.web.Swagger2Controller.getDocumentation(java.lang.String,javax.servlet.http.HttpServletRequest)]
2019-11-16 19:31:10.282  INFO 6364 --- [main] o.s.w.s.h.SimpleUrlHandlerMapping        : Mapped URL path [/**/favicon.ico] onto handler of type [class org.springframework.web.servlet.resource.ResourceHttpRequestHandler]
2019-11-16 19:31:10.490  INFO 6364 --- [main] s.w.s.m.m.a.RequestMappingHandlerAdapter : Looking for @ControllerAdvice: org.springframework.boot.web.servlet.context.AnnotationConfigServletWebServerApplicationContext@165b8a71: startup date [Sat Nov 16 19:31:07 CST 2019]; root of context hierarchy
2019-11-16 19:31:10.555  INFO 6364 --- [main] o.s.w.s.h.SimpleUrlHandlerMapping        : Mapped URL path [/webjars/**] onto handler of type [class org.springframework.web.servlet.resource.ResourceHttpRequestHandler]
2019-11-16 19:31:10.555  INFO 6364 --- [main] o.s.w.s.h.SimpleUrlHandlerMapping        : Mapped URL path [/**] onto handler of type [class org.springframework.web.servlet.resource.ResourceHttpRequestHandler]
2019-11-16 19:31:10.873  INFO 6364 --- [main] .s.s.UserDetailsServiceAutoConfiguration : 

Using generated security password: d0be78a4-cef5-4154-8bbe-4a4ed6d02425

2019-11-16 19:31:11.123  INFO 6364 --- [main] o.s.s.w.DefaultSecurityFilterChain       : Creating filter chain: org.springframework.security.web.util.matcher.AnyRequestMatcher@1, [org.springframework.security.web.context.request.async.WebAsyncManagerIntegrationFilter@10131289, org.springframework.security.web.context.SecurityContextPersistenceFilter@68c34db2, org.springframework.security.web.header.HeaderWriterFilter@727986ad, org.springframework.security.web.csrf.CsrfFilter@66020d69, org.springframework.security.web.authentication.logout.LogoutFilter@43c39321, org.springframework.security.web.authentication.UsernamePasswordAuthenticationFilter@5e67a490, org.springframework.security.web.authentication.ui.DefaultLoginPageGeneratingFilter@3b28b7b0, org.springframework.security.web.authentication.www.BasicAuthenticationFilter@7f4e5a39, org.springframework.security.web.savedrequest.RequestCacheAwareFilter@3f0ce0d1, org.springframework.security.web.servletapi.SecurityContextHolderAwareRequestFilter@4607d78b, org.springframework.security.web.authentication.AnonymousAuthenticationFilter@c5e69a5, org.springframework.security.web.session.SessionManagementFilter@6b25ef1c, org.springframework.security.web.access.ExceptionTranslationFilter@41f785e3, org.springframework.security.web.access.intercept.FilterSecurityInterceptor@c472300]
2019-11-16 19:31:11.254  INFO 6364 --- [main] o.s.j.e.a.AnnotationMBeanExporter        : Registering beans for JMX exposure on startup
2019-11-16 19:31:11.267  INFO 6364 --- [main] o.s.c.s.DefaultLifecycleProcessor        : Starting beans in phase 2147483647
2019-11-16 19:31:11.268  INFO 6364 --- [main] d.s.w.p.DocumentationPluginsBootstrapper : Context refreshed
2019-11-16 19:31:11.293  INFO 6364 --- [main] d.s.w.p.DocumentationPluginsBootstrapper : Found 1 custom documentation plugin(s)
2019-11-16 19:31:11.338  INFO 6364 --- [main] s.d.s.w.s.ApiListingReferenceScanner     : Scanning for api listing references
2019-11-16 19:31:11.399  INFO 6364 --- [main] o.s.b.w.e.t.TomcatWebServer              : Tomcat started on port(s): 6085 (http) with context path ''
2019-11-16 19:31:11.405  INFO 6364 --- [main] c.c.a.ApiplatformApplication             : Started ApiplatformApplication in 5.441 seconds (JVM running for 6.242)
2019-11-16 19:31:50.651  INFO 4400 --- [main] c.c.a.ApiplatformApplication             : Starting ApiplatformApplication on KF0005 with PID 4400 (D:\JavaProject\apiplatform\target\classes started by Administrator in D:\JavaProject\apiplatform)
2019-11-16 19:31:50.658  INFO 4400 --- [main] c.c.a.ApiplatformApplication             : No active profile set, falling back to default profiles: default
2019-11-16 19:31:50.708  INFO 4400 --- [main] ConfigServletWebServerApplicationContext : Refreshing org.springframework.boot.web.servlet.context.AnnotationConfigServletWebServerApplicationContext@3faf2e7d: startup date [Sat Nov 16 19:31:50 CST 2019]; root of context hierarchy
2019-11-16 19:31:52.385  INFO 4400 --- [main] o.s.b.w.e.t.TomcatWebServer              : Tomcat initialized with port(s): 6085 (http)
2019-11-16 19:31:52.417  INFO 4400 --- [main] o.a.c.c.StandardService                  : Starting service [Tomcat]
2019-11-16 19:31:52.418  INFO 4400 --- [main] o.a.c.c.StandardEngine                   : Starting Servlet Engine: Apache Tomcat/8.5.39
2019-11-16 19:31:52.425  INFO 4400 --- [localhost-startStop-1] o.a.c.c.AprLifecycleListener             : The APR based Apache Tomcat Native library which allows optimal performance in production environments was not found on the java.library.path: [D:\Program Files (x86)\Java\jdk1.8.0_201\bin;C:\Windows\Sun\Java\bin;C:\Windows\system32;C:\Windows;C:\Program Files (x86)\Common Files\Oracle\Java\javapath;C:\oracleclient2;C:\oracleclient;C:\Windows\system32;C:\Windows;C:\Windows\System32\Wbem;C:\Windows\System32\WindowsPowerShell\v1.0\;C:\Program Files\PLSQL Developer\instantclient_11_2;C:\Program Files\Microsoft SQL Server\130\Tools\Binn\;;\bin;C:\Program Files\TortoiseSVN\bin;D:\nodejs\;C:\Program Files\dotnet\;C:\Users\Administrator\AppData\Roaming\npm;D:\Programs\Microsoft VS Code\bin;.]
2019-11-16 19:31:52.547  INFO 4400 --- [localhost-startStop-1] o.a.c.c.C.[.[.[/]                        : Initializing Spring embedded WebApplicationContext
2019-11-16 19:31:52.548  INFO 4400 --- [localhost-startStop-1] o.s.w.c.ContextLoader                    : Root WebApplicationContext: initialization completed in 1840 ms
2019-11-16 19:31:52.690  INFO 4400 --- [localhost-startStop-1] o.s.b.w.s.FilterRegistrationBean         : Mapping filter: 'characterEncodingFilter' to: [/*]
2019-11-16 19:31:52.691  INFO 4400 --- [localhost-startStop-1] o.s.b.w.s.FilterRegistrationBean         : Mapping filter: 'hiddenHttpMethodFilter' to: [/*]
2019-11-16 19:31:52.691  INFO 4400 --- [localhost-startStop-1] o.s.b.w.s.FilterRegistrationBean         : Mapping filter: 'httpPutFormContentFilter' to: [/*]
2019-11-16 19:31:52.691  INFO 4400 --- [localhost-startStop-1] o.s.b.w.s.FilterRegistrationBean         : Mapping filter: 'requestContextFilter' to: [/*]
2019-11-16 19:31:52.693  INFO 4400 --- [localhost-startStop-1] .s.DelegatingFilterProxyRegistrationBean : Mapping filter: 'springSecurityFilterChain' to: [/*]
2019-11-16 19:31:52.694  INFO 4400 --- [localhost-startStop-1] o.s.b.w.s.ServletRegistrationBean        : Servlet dispatcherServlet mapped to [/]
2019-11-16 19:31:53.412  INFO 4400 --- [main] s.w.s.m.m.a.RequestMappingHandlerMapping : Mapped "{[/customJco/pingJco],methods=[GET]}" onto public com.chant.apiplatform.util.R com.chant.apiplatform.controller.CustomJcoController.pingCalls()
2019-11-16 19:31:53.415  INFO 4400 --- [main] s.w.s.m.m.a.RequestMappingHandlerMapping : Mapped "{[/customJco/executeJcoFunction],methods=[POST]}" onto public com.chant.apiplatform.util.R com.chant.apiplatform.controller.CustomJcoController.executeJcoFunction(java.util.Map<java.lang.String, java.lang.Object>)
2019-11-16 19:31:53.416  INFO 4400 --- [main] s.w.s.m.m.a.RequestMappingHandlerMapping : Mapped "{[/backend/user/get],methods=[GET]}" onto public java.lang.String com.chant.apiplatform.controller.UserBackendController.getUse2r(long)
2019-11-16 19:31:53.416  INFO 4400 --- [main] s.w.s.m.m.a.RequestMappingHandlerMapping : Mapped "{[/backend/user/{id}],methods=[GET]}" onto public java.lang.String com.chant.apiplatform.controller.UserBackendController.getUser(long)
2019-11-16 19:31:53.421  INFO 4400 --- [main] s.w.s.m.m.a.RequestMappingHandlerMapping : Mapped "{[/swagger-resources/configuration/security]}" onto public org.springframework.http.ResponseEntity<springfox.documentation.swagger.web.SecurityConfiguration> springfox.documentation.swagger.web.ApiResourceController.securityConfiguration()
2019-11-16 19:31:53.422  INFO 4400 --- [main] s.w.s.m.m.a.RequestMappingHandlerMapping : Mapped "{[/swagger-resources]}" onto public org.springframework.http.ResponseEntity<java.util.List<springfox.documentation.swagger.web.SwaggerResource>> springfox.documentation.swagger.web.ApiResourceController.swaggerResources()
2019-11-16 19:31:53.424  INFO 4400 --- [main] s.w.s.m.m.a.RequestMappingHandlerMapping : Mapped "{[/swagger-resources/configuration/ui]}" onto public org.springframework.http.ResponseEntity<springfox.documentation.swagger.web.UiConfiguration> springfox.documentation.swagger.web.ApiResourceController.uiConfiguration()
2019-11-16 19:31:53.427  INFO 4400 --- [main] s.w.s.m.m.a.RequestMappingHandlerMapping : Mapped "{[/error]}" onto public org.springframework.http.ResponseEntity<java.util.Map<java.lang.String, java.lang.Object>> org.springframework.boot.autoconfigure.web.servlet.error.BasicErrorController.error(javax.servlet.http.HttpServletRequest)
2019-11-16 19:31:53.428  INFO 4400 --- [main] s.w.s.m.m.a.RequestMappingHandlerMapping : Mapped "{[/error],produces=[text/html]}" onto public org.springframework.web.servlet.ModelAndView org.springframework.boot.autoconfigure.web.servlet.error.BasicErrorController.errorHtml(javax.servlet.http.HttpServletRequest,javax.servlet.http.HttpServletResponse)
2019-11-16 19:31:53.628  INFO 4400 --- [main] pertySourcedRequestMappingHandlerMapping : Mapped URL path [/v2/api-docs] onto method [public org.springframework.http.ResponseEntity<springfox.documentation.spring.web.json.Json> springfox.documentation.swagger2.web.Swagger2Controller.getDocumentation(java.lang.String,javax.servlet.http.HttpServletRequest)]
2019-11-16 19:31:53.753  INFO 4400 --- [main] o.s.w.s.h.SimpleUrlHandlerMapping        : Mapped URL path [/**/favicon.ico] onto handler of type [class org.springframework.web.servlet.resource.ResourceHttpRequestHandler]
2019-11-16 19:31:53.968  INFO 4400 --- [main] s.w.s.m.m.a.RequestMappingHandlerAdapter : Looking for @ControllerAdvice: org.springframework.boot.web.servlet.context.AnnotationConfigServletWebServerApplicationContext@3faf2e7d: startup date [Sat Nov 16 19:31:50 CST 2019]; root of context hierarchy
2019-11-16 19:31:54.038  INFO 4400 --- [main] o.s.w.s.h.SimpleUrlHandlerMapping        : Mapped URL path [/webjars/**] onto handler of type [class org.springframework.web.servlet.resource.ResourceHttpRequestHandler]
2019-11-16 19:31:54.038  INFO 4400 --- [main] o.s.w.s.h.SimpleUrlHandlerMapping        : Mapped URL path [/**] onto handler of type [class org.springframework.web.servlet.resource.ResourceHttpRequestHandler]
2019-11-16 19:31:54.365  INFO 4400 --- [main] .s.s.UserDetailsServiceAutoConfiguration : 

Using generated security password: 217b2472-185d-4b62-8719-e09ab6a7fae9

2019-11-16 19:31:54.641  INFO 4400 --- [main] o.s.s.w.DefaultSecurityFilterChain       : Creating filter chain: org.springframework.security.web.util.matcher.AnyRequestMatcher@1, [org.springframework.security.web.context.request.async.WebAsyncManagerIntegrationFilter@383cdd4d, org.springframework.security.web.context.SecurityContextPersistenceFilter@5aea8994, org.springframework.security.web.header.HeaderWriterFilter@282c4da0, org.springframework.security.web.csrf.CsrfFilter@4975dda1, org.springframework.security.web.authentication.logout.LogoutFilter@41f785e3, org.springframework.security.web.authentication.UsernamePasswordAuthenticationFilter@67763ebe, org.springframework.security.web.authentication.ui.DefaultLoginPageGeneratingFilter@177ede17, org.springframework.security.web.authentication.www.BasicAuthenticationFilter@3dc39459, org.springframework.security.web.savedrequest.RequestCacheAwareFilter@6b832551, org.springframework.security.web.servletapi.SecurityContextHolderAwareRequestFilter@7b3cbe6e, org.springframework.security.web.authentication.AnonymousAuthenticationFilter@65036e8d, org.springframework.security.web.session.SessionManagementFilter@18cf5c52, org.springframework.security.web.access.ExceptionTranslationFilter@120df990, org.springframework.security.web.access.intercept.FilterSecurityInterceptor@7a814310]
2019-11-16 19:31:54.765  INFO 4400 --- [main] o.s.j.e.a.AnnotationMBeanExporter        : Registering beans for JMX exposure on startup
2019-11-16 19:31:54.777  INFO 4400 --- [main] o.s.c.s.DefaultLifecycleProcessor        : Starting beans in phase 2147483647
2019-11-16 19:31:54.778  INFO 4400 --- [main] d.s.w.p.DocumentationPluginsBootstrapper : Context refreshed
2019-11-16 19:31:54.801  INFO 4400 --- [main] d.s.w.p.DocumentationPluginsBootstrapper : Found 1 custom documentation plugin(s)
2019-11-16 19:31:54.843  INFO 4400 --- [main] s.d.s.w.s.ApiListingReferenceScanner     : Scanning for api listing references
2019-11-16 19:31:54.900  INFO 4400 --- [main] o.s.b.w.e.t.TomcatWebServer              : Tomcat started on port(s): 6085 (http) with context path ''
2019-11-16 19:31:54.906  INFO 4400 --- [main] c.c.a.ApiplatformApplication             : Started ApiplatformApplication in 5.406 seconds (JVM running for 6.228)
2019-11-16 19:32:34.970  INFO 4400 --- [http-nio-6085-exec-4] o.a.c.c.C.[.[.[/]                        : Initializing Spring FrameworkServlet 'dispatcherServlet'
2019-11-16 19:32:34.971  INFO 4400 --- [http-nio-6085-exec-4] o.s.w.s.DispatcherServlet                : FrameworkServlet 'dispatcherServlet': initialization started
2019-11-16 19:32:34.996  INFO 4400 --- [http-nio-6085-exec-4] o.s.w.s.DispatcherServlet                : FrameworkServlet 'dispatcherServlet': initialization completed in 25 ms
2019-11-16 19:37:01.463  INFO 6024 --- [main] c.c.a.ApiplatformApplication             : Starting ApiplatformApplication on KF0005 with PID 6024 (D:\JavaProject\apiplatform\target\classes started by Administrator in D:\JavaProject\apiplatform)
2019-11-16 19:37:01.470  INFO 6024 --- [main] c.c.a.ApiplatformApplication             : No active profile set, falling back to default profiles: default
2019-11-16 19:37:01.524  INFO 6024 --- [main] ConfigServletWebServerApplicationContext : Refreshing org.springframework.boot.web.servlet.context.AnnotationConfigServletWebServerApplicationContext@1643d68f: startup date [Sat Nov 16 19:37:01 CST 2019]; root of context hierarchy
2019-11-16 19:37:03.206  INFO 6024 --- [main] o.s.b.w.e.t.TomcatWebServer              : Tomcat initialized with port(s): 6085 (http)
2019-11-16 19:37:03.241  INFO 6024 --- [main] o.a.c.c.StandardService                  : Starting service [Tomcat]
2019-11-16 19:37:03.242  INFO 6024 --- [main] o.a.c.c.StandardEngine                   : Starting Servlet Engine: Apache Tomcat/8.5.39
2019-11-16 19:37:03.250  INFO 6024 --- [localhost-startStop-1] o.a.c.c.AprLifecycleListener             : The APR based Apache Tomcat Native library which allows optimal performance in production environments was not found on the java.library.path: [D:\Program Files (x86)\Java\jdk1.8.0_201\bin;C:\Windows\Sun\Java\bin;C:\Windows\system32;C:\Windows;C:\Program Files (x86)\Common Files\Oracle\Java\javapath;C:\oracleclient2;C:\oracleclient;C:\Windows\system32;C:\Windows;C:\Windows\System32\Wbem;C:\Windows\System32\WindowsPowerShell\v1.0\;C:\Program Files\PLSQL Developer\instantclient_11_2;C:\Program Files\Microsoft SQL Server\130\Tools\Binn\;;\bin;C:\Program Files\TortoiseSVN\bin;D:\nodejs\;C:\Program Files\dotnet\;C:\Users\Administrator\AppData\Roaming\npm;D:\Programs\Microsoft VS Code\bin;.]
2019-11-16 19:37:03.375  INFO 6024 --- [localhost-startStop-1] o.a.c.c.C.[.[.[/]                        : Initializing Spring embedded WebApplicationContext
2019-11-16 19:37:03.375  INFO 6024 --- [localhost-startStop-1] o.s.w.c.ContextLoader                    : Root WebApplicationContext: initialization completed in 1855 ms
2019-11-16 19:37:03.539  INFO 6024 --- [localhost-startStop-1] o.s.b.w.s.FilterRegistrationBean         : Mapping filter: 'characterEncodingFilter' to: [/*]
2019-11-16 19:37:03.539  INFO 6024 --- [localhost-startStop-1] o.s.b.w.s.FilterRegistrationBean         : Mapping filter: 'hiddenHttpMethodFilter' to: [/*]
2019-11-16 19:37:03.540  INFO 6024 --- [localhost-startStop-1] o.s.b.w.s.FilterRegistrationBean         : Mapping filter: 'httpPutFormContentFilter' to: [/*]
2019-11-16 19:37:03.541  INFO 6024 --- [localhost-startStop-1] o.s.b.w.s.FilterRegistrationBean         : Mapping filter: 'requestContextFilter' to: [/*]
2019-11-16 19:37:03.541  INFO 6024 --- [localhost-startStop-1] .s.DelegatingFilterProxyRegistrationBean : Mapping filter: 'springSecurityFilterChain' to: [/*]
2019-11-16 19:37:03.542  INFO 6024 --- [localhost-startStop-1] o.s.b.w.s.ServletRegistrationBean        : Servlet dispatcherServlet mapped to [/]
2019-11-16 19:37:04.322  INFO 6024 --- [main] s.w.s.m.m.a.RequestMappingHandlerMapping : Mapped "{[/customJco/pingJco],methods=[GET]}" onto public com.chant.apiplatform.util.R com.chant.apiplatform.controller.CustomJcoController.pingCalls()
2019-11-16 19:37:04.326  INFO 6024 --- [main] s.w.s.m.m.a.RequestMappingHandlerMapping : Mapped "{[/customJco/executeJcoFunction],methods=[POST]}" onto public com.chant.apiplatform.util.R com.chant.apiplatform.controller.CustomJcoController.executeJcoFunction(java.util.Map<java.lang.String, java.lang.Object>)
2019-11-16 19:37:04.327  INFO 6024 --- [main] s.w.s.m.m.a.RequestMappingHandlerMapping : Mapped "{[/backend/user/get],methods=[GET]}" onto public java.lang.String com.chant.apiplatform.controller.UserBackendController.getUse2r(long)
2019-11-16 19:37:04.328  INFO 6024 --- [main] s.w.s.m.m.a.RequestMappingHandlerMapping : Mapped "{[/backend/user/{id}],methods=[GET]}" onto public java.lang.String com.chant.apiplatform.controller.UserBackendController.getUser(long)
2019-11-16 19:37:04.333  INFO 6024 --- [main] s.w.s.m.m.a.RequestMappingHandlerMapping : Mapped "{[/swagger-resources]}" onto public org.springframework.http.ResponseEntity<java.util.List<springfox.documentation.swagger.web.SwaggerResource>> springfox.documentation.swagger.web.ApiResourceController.swaggerResources()
2019-11-16 19:37:04.334  INFO 6024 --- [main] s.w.s.m.m.a.RequestMappingHandlerMapping : Mapped "{[/swagger-resources/configuration/ui]}" onto public org.springframework.http.ResponseEntity<springfox.documentation.swagger.web.UiConfiguration> springfox.documentation.swagger.web.ApiResourceController.uiConfiguration()
2019-11-16 19:37:04.336  INFO 6024 --- [main] s.w.s.m.m.a.RequestMappingHandlerMapping : Mapped "{[/swagger-resources/configuration/security]}" onto public org.springframework.http.ResponseEntity<springfox.documentation.swagger.web.SecurityConfiguration> springfox.documentation.swagger.web.ApiResourceController.securityConfiguration()
2019-11-16 19:37:04.340  INFO 6024 --- [main] s.w.s.m.m.a.RequestMappingHandlerMapping : Mapped "{[/error]}" onto public org.springframework.http.ResponseEntity<java.util.Map<java.lang.String, java.lang.Object>> org.springframework.boot.autoconfigure.web.servlet.error.BasicErrorController.error(javax.servlet.http.HttpServletRequest)
2019-11-16 19:37:04.341  INFO 6024 --- [main] s.w.s.m.m.a.RequestMappingHandlerMapping : Mapped "{[/error],produces=[text/html]}" onto public org.springframework.web.servlet.ModelAndView org.springframework.boot.autoconfigure.web.servlet.error.BasicErrorController.errorHtml(javax.servlet.http.HttpServletRequest,javax.servlet.http.HttpServletResponse)
2019-11-16 19:37:04.533  INFO 6024 --- [main] pertySourcedRequestMappingHandlerMapping : Mapped URL path [/v2/api-docs] onto method [public org.springframework.http.ResponseEntity<springfox.documentation.spring.web.json.Json> springfox.documentation.swagger2.web.Swagger2Controller.getDocumentation(java.lang.String,javax.servlet.http.HttpServletRequest)]
2019-11-16 19:37:04.669  INFO 6024 --- [main] o.s.w.s.h.SimpleUrlHandlerMapping        : Mapped URL path [/**/favicon.ico] onto handler of type [class org.springframework.web.servlet.resource.ResourceHttpRequestHandler]
2019-11-16 19:37:04.878  INFO 6024 --- [main] s.w.s.m.m.a.RequestMappingHandlerAdapter : Looking for @ControllerAdvice: org.springframework.boot.web.servlet.context.AnnotationConfigServletWebServerApplicationContext@1643d68f: startup date [Sat Nov 16 19:37:01 CST 2019]; root of context hierarchy
2019-11-16 19:37:04.963  INFO 6024 --- [main] o.s.w.s.h.SimpleUrlHandlerMapping        : Mapped URL path [/webjars/**] onto handler of type [class org.springframework.web.servlet.resource.ResourceHttpRequestHandler]
2019-11-16 19:37:04.963  INFO 6024 --- [main] o.s.w.s.h.SimpleUrlHandlerMapping        : Mapped URL path [/**] onto handler of type [class org.springframework.web.servlet.resource.ResourceHttpRequestHandler]
2019-11-16 19:37:05.298  INFO 6024 --- [main] .s.s.UserDetailsServiceAutoConfiguration : 

Using generated security password: ec545146-b9a6-4663-a6c6-6e929841b3bb

2019-11-16 19:37:05.566  INFO 6024 --- [main] o.s.s.w.DefaultSecurityFilterChain       : Creating filter chain: org.springframework.security.web.util.matcher.AnyRequestMatcher@1, [org.springframework.security.web.context.request.async.WebAsyncManagerIntegrationFilter@5c234920, org.springframework.security.web.context.SecurityContextPersistenceFilter@7f2b39a, org.springframework.security.web.header.HeaderWriterFilter@59328218, org.springframework.security.web.csrf.CsrfFilter@426c0486, org.springframework.security.web.authentication.logout.LogoutFilter@7c0df4ab, org.springframework.security.web.authentication.UsernamePasswordAuthenticationFilter@a316f6b, org.springframework.security.web.authentication.ui.DefaultLoginPageGeneratingFilter@dada335, org.springframework.security.web.authentication.www.BasicAuthenticationFilter@4f5c30b1, org.springframework.security.web.savedrequest.RequestCacheAwareFilter@760f1081, org.springframework.security.web.servletapi.SecurityContextHolderAwareRequestFilter@3c33fcf8, org.springframework.security.web.authentication.AnonymousAuthenticationFilter@7ddeb27f, org.springframework.security.web.session.SessionManagementFilter@478967eb, org.springframework.security.web.access.ExceptionTranslationFilter@734ce281, org.springframework.security.web.access.intercept.FilterSecurityInterceptor@7a572ea0]
2019-11-16 19:37:05.728  INFO 6024 --- [main] o.s.j.e.a.AnnotationMBeanExporter        : Registering beans for JMX exposure on startup
2019-11-16 19:37:05.742  INFO 6024 --- [main] o.s.c.s.DefaultLifecycleProcessor        : Starting beans in phase 2147483647
2019-11-16 19:37:05.743  INFO 6024 --- [main] d.s.w.p.DocumentationPluginsBootstrapper : Context refreshed
2019-11-16 19:37:05.767  INFO 6024 --- [main] d.s.w.p.DocumentationPluginsBootstrapper : Found 1 custom documentation plugin(s)
2019-11-16 19:37:05.812  INFO 6024 --- [main] s.d.s.w.s.ApiListingReferenceScanner     : Scanning for api listing references
2019-11-16 19:37:05.845 ERROR 6024 --- [main] o.a.c.c.StandardService                  : Failed to start connector [Connector[HTTP/1.1-6085]]

org.apache.catalina.LifecycleException: Failed to start component [Connector[HTTP/1.1-6085]]
	at org.apache.catalina.util.LifecycleBase.start(LifecycleBase.java:167) ~[tomcat-embed-core-8.5.39.jar:8.5.39]
	at org.apache.catalina.core.StandardService.addConnector(StandardService.java:225) [tomcat-embed-core-8.5.39.jar:8.5.39]
	at org.springframework.boot.web.embedded.tomcat.TomcatWebServer.addPreviouslyRemovedConnectors(TomcatWebServer.java:261) [spring-boot-2.0.9.RELEASE.jar:2.0.9.RELEASE]
	at org.springframework.boot.web.embedded.tomcat.TomcatWebServer.start(TomcatWebServer.java:198) [spring-boot-2.0.9.RELEASE.jar:2.0.9.RELEASE]
	at org.springframework.boot.web.servlet.context.ServletWebServerApplicationContext.startWebServer(ServletWebServerApplicationContext.java:311) [spring-boot-2.0.9.RELEASE.jar:2.0.9.RELEASE]
	at org.springframework.boot.web.servlet.context.ServletWebServerApplicationContext.finishRefresh(ServletWebServerApplicationContext.java:164) [spring-boot-2.0.9.RELEASE.jar:2.0.9.RELEASE]
	at org.springframework.context.support.AbstractApplicationContext.refresh(AbstractApplicationContext.java:554) [spring-context-5.0.13.RELEASE.jar:5.0.13.RELEASE]
	at org.springframework.boot.web.servlet.context.ServletWebServerApplicationContext.refresh(ServletWebServerApplicationContext.java:142) [spring-boot-2.0.9.RELEASE.jar:2.0.9.RELEASE]
	at org.springframework.boot.SpringApplication.refresh(SpringApplication.java:754) [spring-boot-2.0.9.RELEASE.jar:2.0.9.RELEASE]
	at org.springframework.boot.SpringApplication.refreshContext(SpringApplication.java:386) [spring-boot-2.0.9.RELEASE.jar:2.0.9.RELEASE]
	at org.springframework.boot.SpringApplication.run(SpringApplication.java:307) [spring-boot-2.0.9.RELEASE.jar:2.0.9.RELEASE]
	at org.springframework.boot.SpringApplication.run(SpringApplication.java:1242) [spring-boot-2.0.9.RELEASE.jar:2.0.9.RELEASE]
	at org.springframework.boot.SpringApplication.run(SpringApplication.java:1230) [spring-boot-2.0.9.RELEASE.jar:2.0.9.RELEASE]
	at com.chant.apiplatform.ApiplatformApplication.main(ApiplatformApplication.java:10) [classes/:?]
Caused by: org.apache.catalina.LifecycleException: Protocol handler start failed
	at org.apache.catalina.connector.Connector.startInternal(Connector.java:1020) ~[tomcat-embed-core-8.5.39.jar:8.5.39]
	at org.apache.catalina.util.LifecycleBase.start(LifecycleBase.java:150) ~[tomcat-embed-core-8.5.39.jar:8.5.39]
	... 13 more
Caused by: java.net.BindException: Address already in use: bind
	at sun.nio.ch.Net.bind0(Native Method) ~[?:1.8.0_201]
	at sun.nio.ch.Net.bind(Net.java:433) ~[?:1.8.0_201]
	at sun.nio.ch.Net.bind(Net.java:425) ~[?:1.8.0_201]
	at sun.nio.ch.ServerSocketChannelImpl.bind(ServerSocketChannelImpl.java:223) ~[?:1.8.0_201]
	at sun.nio.ch.ServerSocketAdaptor.bind(ServerSocketAdaptor.java:74) ~[?:1.8.0_201]
	at org.apache.tomcat.util.net.NioEndpoint.bind(NioEndpoint.java:219) ~[tomcat-embed-core-8.5.39.jar:8.5.39]
	at org.apache.tomcat.util.net.AbstractEndpoint.start(AbstractEndpoint.java:1178) ~[tomcat-embed-core-8.5.39.jar:8.5.39]
	at org.apache.coyote.AbstractProtocol.start(AbstractProtocol.java:591) ~[tomcat-embed-core-8.5.39.jar:8.5.39]
	at org.apache.catalina.connector.Connector.startInternal(Connector.java:1018) ~[tomcat-embed-core-8.5.39.jar:8.5.39]
	at org.apache.catalina.util.LifecycleBase.start(LifecycleBase.java:150) ~[tomcat-embed-core-8.5.39.jar:8.5.39]
	... 13 more

2019-11-16 19:37:05.857  INFO 6024 --- [main] o.a.c.c.StandardService                  : Stopping service [Tomcat]
